ArcticCircle/arcticcircle/build/outputs/logs/manifest-merger-debug-report.txt
-- Merging decision tree log ---
manifest
ADDED from AndroidManifest.xml:2:1
	package
		ADDED from AndroidManifest.xml:3:11
		INJECTED from AndroidManifest.xml:0:0
		INJECTED from AndroidManifest.xml:0:0
	android:versionName
		ADDED from AndroidManifest.xml:5:11
		INJECTED from AndroidManifest.xml:0:0
		INJECTED from AndroidManifest.xml:0:0
	android:versionCode
		ADDED from AndroidManifest.xml:4:11
		INJECTED from AndroidManifest.xml:0:0
		INJECTED from AndroidManifest.xml:0:0
	xmlns:android
		ADDED from AndroidManifest.xml:2:11
uses-sdk
ADDED from AndroidManifest.xml:6:5
MERGED from com.android.support:multidex:1.0.1:18:5
MERGED from com.android.support:multidex:1.0.1:18:5
MERGED from ArcticCircle:commomlib:unspecified:7:5
	android:targetSdkVersion
		INJECTED from AndroidManifest.xml:0:0
		INJECTED from AndroidManifest.xml:0:0
	android:minSdkVersion
		ADDED from AndroidManifest.xml:6:15
		INJECTED from AndroidManifest.xml:0:0
		INJECTED from AndroidManifest.xml:0:0
application
ADDED from AndroidManifest.xml:7:5
	android:label
		ADDED from AndroidManifest.xml:7:18
	android:icon
		ADDED from AndroidManifest.xml:7:51
	android:theme
		ADDED from AndroidManifest.xml:9:18
	android:name
		ADDED from AndroidManifest.xml:8:18
meta-data#com.baidu.lbsapi.API_KEY
ADDED from AndroidManifest.xml:12:9
	android:value
		ADDED from AndroidManifest.xml:14:17
	android:name
		ADDED from AndroidManifest.xml:13:17
activity#com.xiaoma.beiji.activity.WelcomeActivity
ADDED from AndroidManifest.xml:17:9
	android:screenOrientation
		ADDED from AndroidManifest.xml:18:19
	android:name
		ADDED from AndroidManifest.xml:17:19
intent-filter#android.intent.action.MAIN+android.intent.category.LAUNCHER
ADDED from AndroidManifest.xml:20:13
action#android.intent.action.MAIN
ADDED from AndroidManifest.xml:21:17
	android:name
		ADDED from AndroidManifest.xml:21:25
category#android.intent.category.LAUNCHER
ADDED from AndroidManifest.xml:22:17
	android:name
		ADDED from AndroidManifest.xml:22:27
activity#com.xiaoma.beiji.activity.MainActivity
ADDED from AndroidManifest.xml:26:9
	android:screenOrientation
		ADDED from AndroidManifest.xml:27:19
	android:launchMode
		ADDED from AndroidManifest.xml:28:19
	android:windowSoftInputMode
		ADDED from AndroidManifest.xml:29:19
	android:name
		ADDED from AndroidManifest.xml:26:19
activity#com.xiaoma.beiji.activity.RegisterActivity
ADDED from AndroidManifest.xml:36:9
	android:screenOrientation
		ADDED from AndroidManifest.xml:37:19
	android:name
		ADDED from AndroidManifest.xml:36:19
activity#com.xiaoma.beiji.activity.LoginActivity
ADDED from AndroidManifest.xml:39:9
	android:screenOrientation
		ADDED from AndroidManifest.xml:40:19
	android:name
		ADDED from AndroidManifest.xml:39:19
activity#com.xiaoma.beiji.activity.StartActivity
ADDED from AndroidManifest.xml:42:9
	android:screenOrientation
		ADDED from AndroidManifest.xml:43:19
	android:name
		ADDED from AndroidManifest.xml:42:19
activity#com.xiaoma.beiji.activity.RegisterPwdActivity
ADDED from AndroidManifest.xml:45:9
	android:screenOrientation
		ADDED from AndroidManifest.xml:45:64
	android:name
		ADDED from AndroidManifest.xml:45:19
activity#com.xiaoma.beiji.activity.RegisterInfoActivity
ADDED from AndroidManifest.xml:47:9
	android:screenOrientation
		ADDED from AndroidManifest.xml:47:65
	android:name
		ADDED from AndroidManifest.xml:47:19
activity#com.xiaoma.beiji.activity.RegisterFinishActivity
ADDED from AndroidManifest.xml:49:9
	android:screenOrientation
		ADDED from AndroidManifest.xml:49:67
	android:name
		ADDED from AndroidManifest.xml:49:19
activity#com.xiaoma.beiji.activity.UserInfoActivity
ADDED from AndroidManifest.xml:51:9
	android:screenOrientation
		ADDED from AndroidManifest.xml:51:61
	android:name
		ADDED from AndroidManifest.xml:51:19
activity#com.xiaoma.beiji.activity.ShopMainActivity
ADDED from AndroidManifest.xml:53:9
	android:screenOrientation
		ADDED from AndroidManifest.xml:53:61
	android:name
		ADDED from AndroidManifest.xml:53:19
activity#com.xiaoma.beiji.activity.FriendDynamicDetailActivity
ADDED from AndroidManifest.xml:55:9
	android:screenOrientation
		ADDED from AndroidManifest.xml:56:19
	android:windowSoftInputMode
		ADDED from AndroidManifest.xml:57:19
	android:name
		ADDED from AndroidManifest.xml:55:19
activity#com.xiaoma.beiji.activity.ChatReferralActivity
ADDED from AndroidManifest.xml:58:9
	android:screenOrientation
		ADDED from AndroidManifest.xml:58:65
	android:name
		ADDED from AndroidManifest.xml:58:19
activity#com.xiaoma.beiji.activity.ReferralFinishActivity
ADDED from AndroidManifest.xml:60:9
	android:screenOrientation
		ADDED from AndroidManifest.xml:60:67
	android:name
		ADDED from AndroidManifest.xml:60:19
activity#com.xiaoma.beiji.activity.FriendHelpDetailActivity
ADDED from AndroidManifest.xml:62:9
	android:screenOrientation
		ADDED from AndroidManifest.xml:63:19
	android:windowSoftInputMode
		ADDED from AndroidManifest.xml:64:19
	android:name
		ADDED from AndroidManifest.xml:62:19
activity#com.xiaoma.beiji.activity.PublishActivity
ADDED from AndroidManifest.xml:66:9
	android:screenOrientation
		ADDED from AndroidManifest.xml:66:60
	android:name
		ADDED from AndroidManifest.xml:66:19
activity#com.xiaoma.beiji.activity.GetImageActivity
ADDED from AndroidManifest.xml:68:9
	android:screenOrientation
		ADDED from AndroidManifest.xml:70:17
	android:theme
		ADDED from AndroidManifest.xml:71:17
	android:name
		ADDED from AndroidManifest.xml:69:17
activity#com.xiaoma.beiji.controls.view.zxing.CaptureActivity
ADDED from AndroidManifest.xml:72:9
	android:screenOrientation
		ADDED from AndroidManifest.xml:73:19
	android:name
		ADDED from AndroidManifest.xml:72:19
activity#com.xiaoma.beiji.activity.SettingActivity
ADDED from AndroidManifest.xml:74:9
	android:screenOrientation
		ADDED from AndroidManifest.xml:74:60
	android:name
		ADDED from AndroidManifest.xml:74:19
activity#com.xiaoma.beiji.activity.FriendFiliationActivity
ADDED from AndroidManifest.xml:76:9
	android:screenOrientation
		ADDED from AndroidManifest.xml:76:68
	android:name
		ADDED from AndroidManifest.xml:76:19
activity#com.xiaoma.beiji.activity.MessageListActivity
ADDED from AndroidManifest.xml:78:9
	android:screenOrientation
		ADDED from AndroidManifest.xml:78:64
	android:name
		ADDED from AndroidManifest.xml:78:19
activity#com.xiaoma.beiji.activity.FavoriteListActivity
ADDED from AndroidManifest.xml:80:9
	android:name
		ADDED from AndroidManifest.xml:80:19
activity#com.xiaoma.beiji.activity.ChattingActivity
ADDED from AndroidManifest.xml:81:9
	android:screenOrientation
		ADDED from AndroidManifest.xml:82:19
	android:windowSoftInputMode
		ADDED from AndroidManifest.xml:83:19
	android:name
		ADDED from AndroidManifest.xml:81:19
activity#com.xiaoma.beiji.activity.SearchActivity
ADDED from AndroidManifest.xml:85:9
	android:name
		ADDED from AndroidManifest.xml:85:19
activity#com.xiaoma.beiji.activity.FriendDetailActivity
ADDED from AndroidManifest.xml:86:9
	android:screenOrientation
		ADDED from AndroidManifest.xml:86:65
	android:name
		ADDED from AndroidManifest.xml:86:19
activity#com.xiaoma.beiji.activity.FriendDynamicActivity
ADDED from AndroidManifest.xml:88:9
	android:screenOrientation
		ADDED from AndroidManifest.xml:88:66
	android:name
		ADDED from AndroidManifest.xml:88:19
activity#com.xiaoma.beiji.activity.FriendHelpActivity
ADDED from AndroidManifest.xml:90:9
	android:screenOrientation
		ADDED from AndroidManifest.xml:90:63
	android:name
		ADDED from AndroidManifest.xml:90:19
activity#com.xiaoma.beiji.activity.FriendSameActivity
ADDED from AndroidManifest.xml:92:9
	android:screenOrientation
		ADDED from AndroidManifest.xml:92:63
	android:name
		ADDED from AndroidManifest.xml:92:19
activity#com.xiaoma.beiji.activity.PictureDetailActivity
ADDED from AndroidManifest.xml:94:9
	android:windowSoftInputMode
		ADDED from AndroidManifest.xml:95:19
	android:name
		ADDED from AndroidManifest.xml:94:19
activity#com.xiaoma.beiji.activity.ShopDynamicDetailActivity
ADDED from AndroidManifest.xml:97:9
	android:windowSoftInputMode
		ADDED from AndroidManifest.xml:98:19
	android:name
		ADDED from AndroidManifest.xml:97:19
activity#com.xiaoma.beiji.activity.ShopGoodsDetailActivity
ADDED from AndroidManifest.xml:100:9
	android:name
		ADDED from AndroidManifest.xml:100:19
activity#com.xiaoma.beiji.activity.UserPwdChangeActivity
ADDED from AndroidManifest.xml:101:9
	android:name
		ADDED from AndroidManifest.xml:101:19
activity#com.xiaoma.beiji.activity.ClauseActivity
ADDED from AndroidManifest.xml:102:9
	android:name
		ADDED from AndroidManifest.xml:102:19
activity#com.xiaoma.beiji.activity.ChatStatusActivity
ADDED from AndroidManifest.xml:103:9
	android:name
		ADDED from AndroidManifest.xml:103:19
activity#com.xiaoma.beiji.activity.CommentMeActivity
ADDED from AndroidManifest.xml:104:9
	android:name
		ADDED from AndroidManifest.xml:104:19
service#com.baidu.location.f
ADDED from AndroidManifest.xml:106:9
	android:enabled
		ADDED from AndroidManifest.xml:106:54
	android:process
		ADDED from AndroidManifest.xml:106:77
	android:name
		ADDED from AndroidManifest.xml:106:18
service#com.xiaoma.beiji.manager.chatting.IMChatService
ADDED from AndroidManifest.xml:107:9
	android:name
		ADDED from AndroidManifest.xml:107:18
intent-filter#com.xiaoma.beiji.imchatservice
ADDED from AndroidManifest.xml:108:13
action#com.xiaoma.beiji.imchatservice
ADDED from AndroidManifest.xml:109:17
	android:name
		ADDED from AndroidManifest.xml:109:25
activity#com.mob.tools.MobUIShell
ADDED from AndroidManifest.xml:114:9
	android:screenOrientation
		ADDED from AndroidManifest.xml:118:17
	android:windowSoftInputMode
		ADDED from AndroidManifest.xml:119:17
	android:configChanges
		ADDED from AndroidManifest.xml:117:17
	android:theme
		ADDED from AndroidManifest.xml:116:17
	android:name
		ADDED from AndroidManifest.xml:115:17
intent-filter#android.intent.action.VIEW+android.intent.category.BROWSABLE+android.intent.category.DEFAULT
ADDED from AndroidManifest.xml:120:13
data
ADDED from AndroidManifest.xml:121:17
	android:scheme
		ADDED from AndroidManifest.xml:121:23
action#android.intent.action.VIEW
ADDED from AndroidManifest.xml:122:17
	android:name
		ADDED from AndroidManifest.xml:122:25
category#android.intent.category.BROWSABLE
ADDED from AndroidManifest.xml:123:17
	android:name
		ADDED from AndroidManifest.xml:123:27
category#android.intent.category.DEFAULT
ADDED from AndroidManifest.xml:124:17
	android:name
		ADDED from AndroidManifest.xml:124:27
intent-filter#android.intent.category.DEFAULT+com.sina.weibo.sdk.action.ACTION_SDK_REQ_ACTIVITY
ADDED from AndroidManifest.xml:127:13
action#com.sina.weibo.sdk.action.ACTION_SDK_REQ_ACTIVITY
ADDED from AndroidManifest.xml:128:17
	android:name
		ADDED from AndroidManifest.xml:128:25
activity#com.xiaoma.beiji.wxapi.WXEntryActivity
ADDED from AndroidManifest.xml:134:9
	android:screenOrientation
		ADDED from AndroidManifest.xml:139:17
	android:exported
		ADDED from AndroidManifest.xml:138:17
	android:configChanges
		ADDED from AndroidManifest.xml:137:17
	android:theme
		ADDED from AndroidManifest.xml:136:17
	android:name
		ADDED from AndroidManifest.xml:135:17
activity#com.xiaoma.beiji.activity.FriendPraiseShopActivity
ADDED from AndroidManifest.xml:140:9
	android:screenOrientation
		ADDED from AndroidManifest.xml:141:19
	android:name
		ADDED from AndroidManifest.xml:140:19
activity#com.xiaoma.beiji.controls.view.imagechooser.ImageChooserGroupActivity
ADDED from AndroidManifest.xml:143:9
	android:screenOrientation
		ADDED from AndroidManifest.xml:144:19
	android:name
		ADDED from AndroidManifest.xml:143:19
activity#com.xiaoma.beiji.controls.view.imagechooser.ImageListActivity
ADDED from AndroidManifest.xml:145:9
	android:screenOrientation
		ADDED from AndroidManifest.xml:146:19
	android:name
		ADDED from AndroidManifest.xml:145:19
activity#com.xiaoma.beiji.activity.ReferralCheckActivity
ADDED from AndroidManifest.xml:147:9
	android:name
		ADDED from AndroidManifest.xml:147:19
uses-permission#android.permission.ACCESS_COARSE_LOCATION
ADDED from AndroidManifest.xml:151:5
	android:name
		ADDED from AndroidManifest.xml:151:22
uses-permission#android.permission.ACCESS_FINE_LOCATION
ADDED from AndroidManifest.xml:153:5
	android:name
		ADDED from AndroidManifest.xml:153:22
uses-permission#android.permission.ACCESS_WIFI_STATE
ADDED from AndroidManifest.xml:155:5
	android:name
		ADDED from AndroidManifest.xml:155:22
uses-permission#android.permission.ACCESS_NETWORK_STATE
ADDED from AndroidManifest.xml:157:5
	android:name
		ADDED from AndroidManifest.xml:157:22
uses-permission#android.permission.CHANGE_WIFI_STATE
ADDED from AndroidManifest.xml:159:5
	android:name
		ADDED from AndroidManifest.xml:159:22
uses-permission#android.permission.READ_PHONE_STATE
ADDED from AndroidManifest.xml:161:5
	android:name
		ADDED from AndroidManifest.xml:161:22
uses-permission#android.permission.WRITE_EXTERNAL_STORAGE
ADDED from AndroidManifest.xml:163:5
	android:name
		ADDED from AndroidManifest.xml:163:22
uses-permission#android.permission.INTERNET
ADDED from AndroidManifest.xml:165:5
	android:name
		ADDED from AndroidManifest.xml:165:22
uses-permission#android.permission.MOUNT_UNMOUNT_FILESYSTEMS
ADDED from AndroidManifest.xml:167:5
	android:name
		ADDED from AndroidManifest.xml:167:22
uses-permission#android.permission.READ_EXTERNAL_STORAGE
ADDED from AndroidManifest.xml:178:5
	android:name
		ADDED from AndroidManifest.xml:178:22
uses-permission#android.permission.CHANGE_NETWORK_STATE
ADDED from AndroidManifest.xml:182:5
	android:name
		ADDED from AndroidManifest.xml:182:22
uses-permission#android.permission.CAMERA
ADDED from AndroidManifest.xml:185:5
	android:name
		ADDED from AndroidManifest.xml:185:22
uses-permission#android.permission.CALL_PHONE
ADDED from AndroidManifest.xml:188:5
	android:name
		ADDED from AndroidManifest.xml:188:22
uses-permission#android.permission.GET_TASKS
ADDED from AndroidManifest.xml:191:5
	android:name
		ADDED from AndroidManifest.xml:191:22
uses-permission#android.permission.MANAGE_ACCOUNTS
ADDED from AndroidManifest.xml:198:5
	android:name
		ADDED from AndroidManifest.xml:198:22
uses-permission#android.permission.GET_ACCOUNTS
ADDED from AndroidManifest.xml:199:5
	android:name
		ADDED from AndroidManifest.xml:199:22
uses-permission#android.permission.BLUETOOTH
ADDED from AndroidManifest.xml:201:5
	android:name
		ADDED from AndroidManifest.xml:201:22
uses-permission#android.permission.BLUETOOTH_ADMIN
ADDED from AndroidManifest.xml:202:5
	android:name
		ADDED from AndroidManifest.xml:202:22
uses-permission#android.permission.READ_CONTACTS
ADDED from AndroidManifest.xml:205:5
	android:name
		ADDED from AndroidManifest.xml:205:22